<?xml version="1.0" encoding="UTF-8"?>
<!-- Generated by org.testng.reporters.JUnitReportReporter -->
<testsuite hostname="LAPTOP-EOPMK1NG" failures="0" tests="1" name="WebMathAutomation.TipCalculator" time="19.536" errors="0" timestamp="2023-03-02T11:12:31 IST" skipped="0">
  <testcase classname="WebMathAutomation.TipCalculator" name="tipCalculator" time="19.536"/>
  <system-out/>
</testsuite> <!-- WebMathAutomation.TipCalculator -->
