<?xml version="1.0" encoding="UTF-8"?>
<!-- Generated by org.testng.reporters.JUnitReportReporter -->
<testsuite hostname="LAPTOP-EOPMK1NG" failures="0" tests="1" name="WebMathAutomation.ConvertKmToMiles" time="21.223" errors="0" timestamp="2023-03-02T11:12:31 IST" skipped="0">
  <testcase classname="WebMathAutomation.ConvertKmToMiles" name="convertKmtoMiles" time="21.223"/>
  <system-out/>
</testsuite> <!-- WebMathAutomation.ConvertKmToMiles -->
