<?xml version="1.0" encoding="UTF-8"?>
<!-- Generated by org.testng.reporters.JUnitReportReporter -->
<testsuite hostname="LAPTOP-EOPMK1NG" failures="0" tests="1" name="WebMathAutomation.VolumeConversion" time="16.351" errors="0" timestamp="2023-03-02T11:12:31 IST" skipped="0">
  <testcase classname="WebMathAutomation.VolumeConversion" name="volumeConversion" time="16.351"/>
  <system-out/>
</testsuite> <!-- WebMathAutomation.VolumeConversion -->
